-------------------------------------------------------------------------------
Test set: BonusServiceTest
-------------------------------------------------------------------------------
Tests run: 10, Failures: 1, Errors: 0, Skipped: 0, Time elapsed: 0.056 s <<< FAILURE! - in BonusServiceTest
shouldCalculateForRegisteredAndUnderLimit  Time elapsed: 0.016 s  <<< FAILURE!
org.opentest4j.AssertionFailedError: expected: <40> but was: <30>
	at BonusServiceTest.shouldCalculateForRegisteredAndUnderLimit(BonusServiceTest.java:18)

